  [1m[35m (2.4ms)[0m  [1m[34mSELECT sqlite_version(*)[0m
  [1m[35m (135.8ms)[0m  [1m[35mCREATE TABLE "schema_migrations" ("version" varchar NOT NULL PRIMARY KEY)[0m
  [1m[35m (326.4ms)[0m  [1m[35mCREATE TABLE "ar_internal_metadata" ("key" varchar NOT NULL PRIMARY KEY, "value" varchar, "created_at" datetime(6) NOT NULL, "updated_at" datetime(6) NOT NULL)[0m
  [1m[35m (0.2ms)[0m  [1m[34mSELECT "schema_migrations"."version" FROM "schema_migrations" ORDER BY "schema_migrations"."version" ASC[0m
Migrating to CreateUsers (20200602175246)
  [1m[35m (0.1ms)[0m  [1m[36mbegin transaction[0m
  [1m[35m (0.3ms)[0m  [1m[35mCREATE TABLE "users" ("id" integer PRIMARY KEY AUTOINCREMENT NOT NULL, "name" varchar, "email" varchar, "created_at" datetime(6) NOT NULL, "updated_at" datetime(6) NOT NULL)[0m
  [1m[36mprimary::SchemaMigration Create (0.1ms)[0m  [1m[32mINSERT INTO "schema_migrations" ("version") VALUES (?)[0m  [["version", "20200602175246"]]
  [1m[35m (425.3ms)[0m  [1m[36mcommit transaction[0m
  [1m[36mActiveRecord::InternalMetadata Load (0.2ms)[0m  [1m[34mSELECT "ar_internal_metadata".* FROM "ar_internal_metadata" WHERE "ar_internal_metadata"."key" = ? LIMIT ?[0m  [["key", "environment"], ["LIMIT", 1]]
  [1m[35m (0.1ms)[0m  [1m[36mbegin transaction[0m
  [1m[36mActiveRecord::InternalMetadata Create (0.2ms)[0m  [1m[32mINSERT INTO "ar_internal_metadata" ("key", "value", "created_at", "updated_at") VALUES (?, ?, ?, ?)[0m  [["key", "environment"], ["value", "development"], ["created_at", "2020-06-02 17:53:49.840881"], ["updated_at", "2020-06-02 17:53:49.840881"]]
  [1m[35m (101.9ms)[0m  [1m[36mcommit transaction[0m
  [1m[35m (0.1ms)[0m  [1m[34mSELECT sqlite_version(*)[0m
  [1m[35m (0.2ms)[0m  [1m[34mSELECT "schema_migrations"."version" FROM "schema_migrations" ORDER BY "schema_migrations"."version" ASC[0m
Started GET "/" for ::1 at 2020-06-02 14:56:03 -0300
  [1m[35m (0.6ms)[0m  [1m[34mSELECT sqlite_version(*)[0m
  [1m[35m (0.1ms)[0m  [1m[34mSELECT "schema_migrations"."version" FROM "schema_migrations" ORDER BY "schema_migrations"."version" ASC[0m
Processing by ApplicationController#hello as HTML
Completed 500 Internal Server Error in 11ms (ActiveRecord: 0.0ms | Allocations: 2763)


  
ActionView::MissingTemplate (Missing template application/hello with {:locale=>[:en], :formats=>[:html], :variants=>[], :handlers=>[:raw, :erb, :html, :builder, :ruby, :jbuilder]}. Searched in:
  * "/home/ismael/Develops/toy_app/app/views"
  * "/home/ismael/.rbenv/versions/2.7.1/lib/ruby/gems/2.7.0/gems/actiontext-6.0.3.1/app/views"
  * "/home/ismael/.rbenv/versions/2.7.1/lib/ruby/gems/2.7.0/gems/actionmailbox-6.0.3.1/app/views"
):
  
app/controllers/application_controller.rb:5:in `hello'
Started GET "/users" for ::1 at 2020-06-02 14:56:15 -0300
Processing by UsersController#index as HTML
  Rendering users/index.html.erb within layouts/application
  [1m[36mUser Load (0.3ms)[0m  [1m[34mSELECT "users".* FROM "users"[0m
  ↳ app/views/users/index.html.erb:15
  Rendered users/index.html.erb within layouts/application (Duration: 4.3ms | Allocations: 1316)
[Webpacker] Compiling...
[Webpacker] Compiled all packs in /home/ismael/Develops/toy_app/public/packs
[Webpacker] Hash: 15d1bb7b54cf6326b9ba
Version: webpack 4.43.0
Time: 1894ms
Built at: 02/06/2020 14:56:19
                                     Asset       Size       Chunks                         Chunk Names
    js/application-9afcbb5693aa87623e69.js    124 KiB  application  [emitted] [immutable]  application
js/application-9afcbb5693aa87623e69.js.map    139 KiB  application  [emitted] [dev]        application
                             manifest.json  364 bytes               [emitted]              
Entrypoint application = js/application-9afcbb5693aa87623e69.js js/application-9afcbb5693aa87623e69.js.map
[./app/javascript/channels sync recursive _channel\.js$] ./app/javascript/channels sync _channel\.js$ 160 bytes {application} [built]
[./app/javascript/channels/index.js] 211 bytes {application} [built]
[./app/javascript/packs/application.js] 749 bytes {application} [built]
[./node_modules/webpack/buildin/module.js] (webpack)/buildin/module.js 552 bytes {application} [built]
    + 3 hidden modules

Completed 200 OK in 4732ms (Views: 4728.7ms | ActiveRecord: 0.7ms | Allocations: 22218)


Started GET "/users/1" for ::1 at 2020-06-02 14:56:49 -0300
Processing by UsersController#show as HTML
  Parameters: {"id"=>"1"}
  [1m[36mUser Load (0.2ms)[0m  [1m[34mSELECT "users".* FROM "users" WHERE "users"."id" = ? LIMIT ?[0m  [["id", 1], ["LIMIT", 1]]
  ↳ app/controllers/users_controller.rb:67:in `set_user'
Completed 404 Not Found in 9ms (ActiveRecord: 0.6ms | Allocations: 3269)


  
ActiveRecord::RecordNotFound (Couldn't find User with 'id'=1):
  
app/controllers/users_controller.rb:67:in `set_user'
Started GET "/users/l" for ::1 at 2020-06-02 14:56:56 -0300
Processing by UsersController#show as HTML
  Parameters: {"id"=>"l"}
  [1m[36mUser Load (0.1ms)[0m  [1m[34mSELECT "users".* FROM "users" WHERE "users"."id" = ? LIMIT ?[0m  [["id", nil], ["LIMIT", 1]]
  ↳ app/controllers/users_controller.rb:67:in `set_user'
Completed 404 Not Found in 2ms (ActiveRecord: 0.1ms | Allocations: 1167)


  
ActiveRecord::RecordNotFound (Couldn't find User with 'id'=l):
  
app/controllers/users_controller.rb:67:in `set_user'
Started GET "/users/new" for ::1 at 2020-06-02 14:57:18 -0300
Processing by UsersController#new as HTML
  Rendering users/new.html.erb within layouts/application
  Rendered users/_form.html.erb (Duration: 296.7ms | Allocations: 4237)
  Rendered users/new.html.erb within layouts/application (Duration: 297.6ms | Allocations: 4566)
[Webpacker] Everything's up-to-date. Nothing to do
Completed 200 OK in 310ms (Views: 304.6ms | ActiveRecord: 0.0ms | Allocations: 10607)


Started GET "/users/edit" for ::1 at 2020-06-02 14:57:26 -0300
Processing by UsersController#show as HTML
  Parameters: {"id"=>"edit"}
  [1m[36mUser Load (0.1ms)[0m  [1m[34mSELECT "users".* FROM "users" WHERE "users"."id" = ? LIMIT ?[0m  [["id", nil], ["LIMIT", 1]]
  ↳ app/controllers/users_controller.rb:67:in `set_user'
Completed 404 Not Found in 2ms (ActiveRecord: 0.1ms | Allocations: 1153)


  
ActiveRecord::RecordNotFound (Couldn't find User with 'id'=edit):
  
app/controllers/users_controller.rb:67:in `set_user'
Started GET "/users/1/edit" for ::1 at 2020-06-02 14:57:35 -0300
Processing by UsersController#edit as HTML
  Parameters: {"id"=>"1"}
  [1m[36mUser Load (0.1ms)[0m  [1m[34mSELECT "users".* FROM "users" WHERE "users"."id" = ? LIMIT ?[0m  [["id", 1], ["LIMIT", 1]]
  ↳ app/controllers/users_controller.rb:67:in `set_user'
Completed 404 Not Found in 2ms (ActiveRecord: 0.1ms | Allocations: 1139)


  
ActiveRecord::RecordNotFound (Couldn't find User with 'id'=1):
  
app/controllers/users_controller.rb:67:in `set_user'
Started GET "/users/new" for ::1 at 2020-06-02 14:57:42 -0300
Processing by UsersController#new as HTML
  Rendering users/new.html.erb within layouts/application
  Rendered users/_form.html.erb (Duration: 1.3ms | Allocations: 687)
  Rendered users/new.html.erb within layouts/application (Duration: 1.6ms | Allocations: 770)
[Webpacker] Everything's up-to-date. Nothing to do
Completed 200 OK in 7ms (Views: 5.9ms | ActiveRecord: 0.0ms | Allocations: 4164)


Started POST "/users" for ::1 at 2020-06-02 14:58:51 -0300
Processing by UsersController#create as HTML
  Parameters: {"authenticity_token"=>"s/i/v9/dxWv2lHr5c8vkKCDMDmXnaTmxBiCoSJKfraLj/2Z63t8MZgJfSquoKTNxaNa269YKVGNADWCDjHGTcQ==", "user"=>{"name"=>"Junior", "email"=>"jrbh1000@gmail.com"}, "commit"=>"Create User"}
  [1m[35m (0.1ms)[0m  [1m[36mbegin transaction[0m
  ↳ app/controllers/users_controller.rb:30:in `block in create'
  [1m[36mUser Create (0.3ms)[0m  [1m[32mINSERT INTO "users" ("name", "email", "created_at", "updated_at") VALUES (?, ?, ?, ?)[0m  [["name", "Junior"], ["email", "jrbh1000@gmail.com"], ["created_at", "2020-06-02 17:58:51.942758"], ["updated_at", "2020-06-02 17:58:51.942758"]]
  ↳ app/controllers/users_controller.rb:30:in `block in create'
  [1m[35m (146.9ms)[0m  [1m[36mcommit transaction[0m
  ↳ app/controllers/users_controller.rb:30:in `block in create'
Redirected to http://localhost:3000/users/1
Completed 302 Found in 155ms (ActiveRecord: 147.3ms | Allocations: 3986)


Started GET "/users/1" for ::1 at 2020-06-02 14:58:52 -0300
Processing by UsersController#show as HTML
  Parameters: {"id"=>"1"}
  [1m[36mUser Load (0.1ms)[0m  [1m[34mSELECT "users".* FROM "users" WHERE "users"."id" = ? LIMIT ?[0m  [["id", 1], ["LIMIT", 1]]
  ↳ app/controllers/users_controller.rb:67:in `set_user'
  Rendering users/show.html.erb within layouts/application
  Rendered users/show.html.erb within layouts/application (Duration: 0.6ms | Allocations: 251)
[Webpacker] Everything's up-to-date. Nothing to do
Completed 200 OK in 7ms (Views: 5.0ms | ActiveRecord: 0.1ms | Allocations: 4313)


Started GET "/users/1/edit" for ::1 at 2020-06-02 14:58:55 -0300
Processing by UsersController#edit as HTML
  Parameters: {"id"=>"1"}
  [1m[36mUser Load (0.2ms)[0m  [1m[34mSELECT "users".* FROM "users" WHERE "users"."id" = ? LIMIT ?[0m  [["id", 1], ["LIMIT", 1]]
  ↳ app/controllers/users_controller.rb:67:in `set_user'
  Rendering users/edit.html.erb within layouts/application
  Rendered users/_form.html.erb (Duration: 2.0ms | Allocations: 763)
  Rendered users/edit.html.erb within layouts/application (Duration: 2.9ms | Allocations: 1001)
[Webpacker] Everything's up-to-date. Nothing to do
Completed 200 OK in 11ms (Views: 8.5ms | ActiveRecord: 0.2ms | Allocations: 5030)


Started GET "/users/1" for ::1 at 2020-06-02 14:58:58 -0300
Processing by UsersController#show as HTML
  Parameters: {"id"=>"1"}
  [1m[36mUser Load (0.1ms)[0m  [1m[34mSELECT "users".* FROM "users" WHERE "users"."id" = ? LIMIT ?[0m  [["id", 1], ["LIMIT", 1]]
  ↳ app/controllers/users_controller.rb:67:in `set_user'
  Rendering users/show.html.erb within layouts/application
  Rendered users/show.html.erb within layouts/application (Duration: 0.3ms | Allocations: 82)
[Webpacker] Everything's up-to-date. Nothing to do
Completed 200 OK in 9ms (Views: 6.5ms | ActiveRecord: 0.1ms | Allocations: 3994)


Started GET "/users" for ::1 at 2020-06-02 14:59:00 -0300
Processing by UsersController#index as HTML
  Rendering users/index.html.erb within layouts/application
  [1m[36mUser Load (0.1ms)[0m  [1m[34mSELECT "users".* FROM "users"[0m
  ↳ app/views/users/index.html.erb:15
  Rendered users/index.html.erb within layouts/application (Duration: 1.6ms | Allocations: 764)
[Webpacker] Everything's up-to-date. Nothing to do
Completed 200 OK in 7ms (Views: 6.4ms | ActiveRecord: 0.1ms | Allocations: 4138)


Started GET "/users/new" for ::1 at 2020-06-02 14:59:02 -0300
Processing by UsersController#new as HTML
  Rendering users/new.html.erb within layouts/application
  Rendered users/_form.html.erb (Duration: 1.2ms | Allocations: 687)
  Rendered users/new.html.erb within layouts/application (Duration: 1.5ms | Allocations: 769)
[Webpacker] Everything's up-to-date. Nothing to do
Completed 200 OK in 10ms (Views: 9.0ms | ActiveRecord: 0.0ms | Allocations: 4129)


Started POST "/users" for ::1 at 2020-06-02 14:59:19 -0300
Processing by UsersController#create as HTML
  Parameters: {"authenticity_token"=>"t1c6LMhzrtBKj5asCd0jO+t0Ghhrrd2zhkX3/ouDQMCpo5/0PL6KSKciMcm/ftqMIxFsdUKwnZlLxqirKb9THg==", "user"=>{"name"=>"Ismael", "email"=>"ismael@gmail.com"}, "commit"=>"Create User"}
  [1m[35m (0.1ms)[0m  [1m[36mbegin transaction[0m
  ↳ app/controllers/users_controller.rb:30:in `block in create'
  [1m[36mUser Create (0.4ms)[0m  [1m[32mINSERT INTO "users" ("name", "email", "created_at", "updated_at") VALUES (?, ?, ?, ?)[0m  [["name", "Ismael"], ["email", "ismael@gmail.com"], ["created_at", "2020-06-02 17:59:19.956728"], ["updated_at", "2020-06-02 17:59:19.956728"]]
  ↳ app/controllers/users_controller.rb:30:in `block in create'
  [1m[35m (287.3ms)[0m  [1m[36mcommit transaction[0m
  ↳ app/controllers/users_controller.rb:30:in `block in create'
Redirected to http://localhost:3000/users/2
Completed 302 Found in 293ms (ActiveRecord: 287.8ms | Allocations: 3793)


Started GET "/users/2" for ::1 at 2020-06-02 14:59:20 -0300
Processing by UsersController#show as HTML
  Parameters: {"id"=>"2"}
  [1m[36mUser Load (0.1ms)[0m  [1m[34mSELECT "users".* FROM "users" WHERE "users"."id" = ? LIMIT ?[0m  [["id", 2], ["LIMIT", 1]]
  ↳ app/controllers/users_controller.rb:67:in `set_user'
  Rendering users/show.html.erb within layouts/application
  Rendered users/show.html.erb within layouts/application (Duration: 0.2ms | Allocations: 82)
[Webpacker] Everything's up-to-date. Nothing to do
Completed 200 OK in 6ms (Views: 4.7ms | ActiveRecord: 0.1ms | Allocations: 3997)


Started GET "/users" for ::1 at 2020-06-02 14:59:22 -0300
Processing by UsersController#index as HTML
  Rendering users/index.html.erb within layouts/application
  [1m[36mUser Load (0.1ms)[0m  [1m[34mSELECT "users".* FROM "users"[0m
  ↳ app/views/users/index.html.erb:15
  Rendered users/index.html.erb within layouts/application (Duration: 1.9ms | Allocations: 888)
[Webpacker] Everything's up-to-date. Nothing to do
Completed 200 OK in 7ms (Views: 6.1ms | ActiveRecord: 0.1ms | Allocations: 4267)


Started DELETE "/users/2" for ::1 at 2020-06-02 15:00:24 -0300
Processing by UsersController#destroy as HTML
  Parameters: {"authenticity_token"=>"vjx32pmHIL9fJwojs8PcoT/fxMYXJXW35kAzP1lbOgfuO64fmIXpsqvsOnFoIQv4d8V8SCZGGGWgbfv0R7UE1A==", "id"=>"2"}
  [1m[36mUser Load (0.1ms)[0m  [1m[34mSELECT "users".* FROM "users" WHERE "users"."id" = ? LIMIT ?[0m  [["id", 2], ["LIMIT", 1]]
  ↳ app/controllers/users_controller.rb:67:in `set_user'
  [1m[35m (0.1ms)[0m  [1m[36mbegin transaction[0m
  ↳ app/controllers/users_controller.rb:57:in `destroy'
  [1m[36mUser Destroy (0.2ms)[0m  [1m[31mDELETE FROM "users" WHERE "users"."id" = ?[0m  [["id", 2]]
  ↳ app/controllers/users_controller.rb:57:in `destroy'
  [1m[35m (268.0ms)[0m  [1m[36mcommit transaction[0m
  ↳ app/controllers/users_controller.rb:57:in `destroy'
Redirected to http://localhost:3000/users
Completed 302 Found in 276ms (ActiveRecord: 268.4ms | Allocations: 3870)


Started GET "/users" for ::1 at 2020-06-02 15:00:25 -0300
Processing by UsersController#index as HTML
  Rendering users/index.html.erb within layouts/application
  [1m[36mUser Load (0.1ms)[0m  [1m[34mSELECT "users".* FROM "users"[0m
  ↳ app/views/users/index.html.erb:15
  Rendered users/index.html.erb within layouts/application (Duration: 1.5ms | Allocations: 763)
[Webpacker] Everything's up-to-date. Nothing to do
Completed 200 OK in 7ms (Views: 5.9ms | ActiveRecord: 0.1ms | Allocations: 4161)


Started GET "/users/1" for ::1 at 2020-06-02 15:00:26 -0300
Processing by UsersController#show as HTML
  Parameters: {"id"=>"1"}
  [1m[36mUser Load (0.1ms)[0m  [1m[34mSELECT "users".* FROM "users" WHERE "users"."id" = ? LIMIT ?[0m  [["id", 1], ["LIMIT", 1]]
  ↳ app/controllers/users_controller.rb:67:in `set_user'
  Rendering users/show.html.erb within layouts/application
  Rendered users/show.html.erb within layouts/application (Duration: 0.3ms | Allocations: 80)
[Webpacker] Everything's up-to-date. Nothing to do
Completed 200 OK in 6ms (Views: 4.6ms | ActiveRecord: 0.1ms | Allocations: 3968)


Started GET "/users/1/edit" for ::1 at 2020-06-02 15:00:30 -0300
Processing by UsersController#edit as HTML
  Parameters: {"id"=>"1"}
  [1m[36mUser Load (0.1ms)[0m  [1m[34mSELECT "users".* FROM "users" WHERE "users"."id" = ? LIMIT ?[0m  [["id", 1], ["LIMIT", 1]]
  ↳ app/controllers/users_controller.rb:67:in `set_user'
  Rendering users/edit.html.erb within layouts/application
  Rendered users/_form.html.erb (Duration: 1.5ms | Allocations: 734)
  Rendered users/edit.html.erb within layouts/application (Duration: 1.8ms | Allocations: 846)
[Webpacker] Everything's up-to-date. Nothing to do
Completed 200 OK in 8ms (Views: 6.7ms | ActiveRecord: 0.1ms | Allocations: 4747)


Started PATCH "/users/1" for ::1 at 2020-06-02 15:00:35 -0300
Processing by UsersController#update as HTML
  Parameters: {"authenticity_token"=>"GDB6mn9JgwKhnfmkj5Vc2y/9WJWJ3n4kMXMa6wPUIycHxFpfH803+BDKDS+otB1Xdq/RmrwQSliQDnH0oh5eWA==", "user"=>{"name"=>"Junior", "email"=>"jrbh1000@gmail.com"}, "commit"=>"Update User", "id"=>"1"}
  [1m[36mUser Load (0.2ms)[0m  [1m[34mSELECT "users".* FROM "users" WHERE "users"."id" = ? LIMIT ?[0m  [["id", 1], ["LIMIT", 1]]
  ↳ app/controllers/users_controller.rb:67:in `set_user'
Redirected to http://localhost:3000/users/1
Completed 302 Found in 3ms (ActiveRecord: 0.2ms | Allocations: 1219)


Started GET "/users/1" for ::1 at 2020-06-02 15:00:35 -0300
Processing by UsersController#show as HTML
  Parameters: {"id"=>"1"}
  [1m[36mUser Load (0.1ms)[0m  [1m[34mSELECT "users".* FROM "users" WHERE "users"."id" = ? LIMIT ?[0m  [["id", 1], ["LIMIT", 1]]
  ↳ app/controllers/users_controller.rb:67:in `set_user'
  Rendering users/show.html.erb within layouts/application
  Rendered users/show.html.erb within layouts/application (Duration: 0.3ms | Allocations: 82)
[Webpacker] Everything's up-to-date. Nothing to do
Completed 200 OK in 6ms (Views: 4.7ms | ActiveRecord: 0.1ms | Allocations: 3997)


Started GET "/users" for ::1 at 2020-06-02 15:00:37 -0300
Processing by UsersController#index as HTML
  Rendering users/index.html.erb within layouts/application
  [1m[36mUser Load (0.1ms)[0m  [1m[34mSELECT "users".* FROM "users"[0m
  ↳ app/views/users/index.html.erb:15
  Rendered users/index.html.erb within layouts/application (Duration: 1.4ms | Allocations: 761)
[Webpacker] Everything's up-to-date. Nothing to do
Completed 200 OK in 7ms (Views: 5.9ms | ActiveRecord: 0.1ms | Allocations: 4135)


  [1m[35m (1.0ms)[0m  [1m[34mSELECT sqlite_version(*)[0m
  [1m[35m (0.1ms)[0m  [1m[34mSELECT "schema_migrations"."version" FROM "schema_migrations" ORDER BY "schema_migrations"."version" ASC[0m
Migrating to CreateMicroposts (20200604175838)
  [1m[35m (0.0ms)[0m  [1m[36mbegin transaction[0m
  [1m[35m (0.4ms)[0m  [1m[35mCREATE TABLE "microposts" ("id" integer PRIMARY KEY AUTOINCREMENT NOT NULL, "content" text, "user_id" integer, "created_at" datetime(6) NOT NULL, "updated_at" datetime(6) NOT NULL)[0m
  [1m[36mprimary::SchemaMigration Create (0.3ms)[0m  [1m[32mINSERT INTO "schema_migrations" ("version") VALUES (?)[0m  [["version", "20200604175838"]]
  [1m[35m (188.0ms)[0m  [1m[36mcommit transaction[0m
  [1m[36mActiveRecord::InternalMetadata Load (0.1ms)[0m  [1m[34mSELECT "ar_internal_metadata".* FROM "ar_internal_metadata" WHERE "ar_internal_metadata"."key" = ? LIMIT ?[0m  [["key", "environment"], ["LIMIT", 1]]
  [1m[35m (0.1ms)[0m  [1m[34mSELECT sqlite_version(*)[0m
  [1m[35m (0.1ms)[0m  [1m[34mSELECT "schema_migrations"."version" FROM "schema_migrations" ORDER BY "schema_migrations"."version" ASC[0m
Started GET "/micropost/new" for ::1 at 2020-06-04 15:01:34 -0300
  [1m[35m (0.3ms)[0m  [1m[34mSELECT sqlite_version(*)[0m
  [1m[35m (0.2ms)[0m  [1m[34mSELECT "schema_migrations"."version" FROM "schema_migrations" ORDER BY "schema_migrations"."version" ASC[0m
  
ActionController::RoutingError (No route matches [GET] "/micropost/new"):
  
actionpack (6.0.3.1) lib/action_dispatch/middleware/debug_exceptions.rb:36:in `call'
web-console (4.0.2) lib/web_console/middleware.rb:132:in `call_app'
web-console (4.0.2) lib/web_console/middleware.rb:28:in `block in call'
web-console (4.0.2) lib/web_console/middleware.rb:17:in `catch'
web-console (4.0.2) lib/web_console/middleware.rb:17:in `call'
actionpack (6.0.3.1) lib/action_dispatch/middleware/show_exceptions.rb:33:in `call'
railties (6.0.3.1) lib/rails/rack/logger.rb:37:in `call_app'
railties (6.0.3.1) lib/rails/rack/logger.rb:26:in `block in call'
activesupport (6.0.3.1) lib/active_support/tagged_logging.rb:80:in `block in tagged'
activesupport (6.0.3.1) lib/active_support/tagged_logging.rb:28:in `tagged'
activesupport (6.0.3.1) lib/active_support/tagged_logging.rb:80:in `tagged'
railties (6.0.3.1) lib/rails/rack/logger.rb:26:in `call'
sprockets-rails (3.2.1) lib/sprockets/rails/quiet_assets.rb:13:in `call'
actionpack (6.0.3.1) lib/action_dispatch/middleware/remote_ip.rb:81:in `call'
actionpack (6.0.3.1) lib/action_dispatch/middleware/request_id.rb:27:in `call'
rack (2.2.2) lib/rack/method_override.rb:24:in `call'
rack (2.2.2) lib/rack/runtime.rb:22:in `call'
activesupport (6.0.3.1) lib/active_support/cache/strategy/local_cache_middleware.rb:29:in `call'
actionpack (6.0.3.1) lib/action_dispatch/middleware/executor.rb:14:in `call'
actionpack (6.0.3.1) lib/action_dispatch/middleware/static.rb:126:in `call'
rack (2.2.2) lib/rack/sendfile.rb:110:in `call'
actionpack (6.0.3.1) lib/action_dispatch/middleware/host_authorization.rb:82:in `call'
webpacker (4.2.2) lib/webpacker/dev_server_proxy.rb:23:in `perform_request'
rack-proxy (0.6.5) lib/rack/proxy.rb:57:in `call'
railties (6.0.3.1) lib/rails/engine.rb:527:in `call'
puma (4.3.5) lib/puma/configuration.rb:228:in `call'
puma (4.3.5) lib/puma/server.rb:713:in `handle_request'
puma (4.3.5) lib/puma/server.rb:472:in `process_client'
puma (4.3.5) lib/puma/server.rb:328:in `block in run'
puma (4.3.5) lib/puma/thread_pool.rb:134:in `block in spawn_thread'
Started GET "/microposts/new" for ::1 at 2020-06-04 15:01:55 -0300
Processing by MicropostsController#new as HTML
  Rendering microposts/new.html.erb within layouts/application
  Rendered microposts/_form.html.erb (Duration: 173.8ms | Allocations: 2747)
  Rendered microposts/new.html.erb within layouts/application (Duration: 174.7ms | Allocations: 3080)
[Webpacker] Everything's up-to-date. Nothing to do
Completed 200 OK in 850ms (Views: 831.6ms | ActiveRecord: 0.6ms | Allocations: 25922)


Started POST "/microposts" for ::1 at 2020-06-04 15:03:06 -0300
Processing by MicropostsController#create as HTML
  Parameters: {"authenticity_token"=>"8gy6bOPiX8ArZWshB1zUrN/OUAMs99qQSctP6m1Jdv2iC2Op4uCWzd+uW3PcvgP1l9TojR2Ut0IP5ochc6dILg==", "micropost"=>{"content"=>"First micropost", "user_id"=>"1"}, "commit"=>"Create Micropost"}
  [1m[35m (0.1ms)[0m  [1m[36mbegin transaction[0m
  ↳ app/controllers/microposts_controller.rb:30:in `block in create'
  [1m[36mMicropost Create (0.4ms)[0m  [1m[32mINSERT INTO "microposts" ("content", "user_id", "created_at", "updated_at") VALUES (?, ?, ?, ?)[0m  [["content", "First micropost"], ["user_id", 1], ["created_at", "2020-06-04 18:03:06.083611"], ["updated_at", "2020-06-04 18:03:06.083611"]]
  ↳ app/controllers/microposts_controller.rb:30:in `block in create'
  [1m[35m (149.0ms)[0m  [1m[36mcommit transaction[0m
  ↳ app/controllers/microposts_controller.rb:30:in `block in create'
Redirected to http://localhost:3000/microposts/1
Completed 302 Found in 157ms (ActiveRecord: 149.5ms | Allocations: 4044)


Started GET "/microposts/1" for ::1 at 2020-06-04 15:03:06 -0300
Processing by MicropostsController#show as HTML
  Parameters: {"id"=>"1"}
  [1m[36mMicropost Load (0.3ms)[0m  [1m[34mSELECT "microposts".* FROM "microposts" WHERE "microposts"."id" = ? LIMIT ?[0m  [["id", 1], ["LIMIT", 1]]
  ↳ app/controllers/microposts_controller.rb:67:in `set_micropost'
  Rendering microposts/show.html.erb within layouts/application
  Rendered microposts/show.html.erb within layouts/application (Duration: 0.6ms | Allocations: 255)
[Webpacker] Everything's up-to-date. Nothing to do
Completed 200 OK in 8ms (Views: 5.2ms | ActiveRecord: 0.3ms | Allocations: 4797)


Started GET "/microposts" for ::1 at 2020-06-04 15:03:10 -0300
Processing by MicropostsController#index as HTML
  Rendering microposts/index.html.erb within layouts/application
  [1m[36mMicropost Load (0.2ms)[0m  [1m[34mSELECT "microposts".* FROM "microposts"[0m
  ↳ app/views/microposts/index.html.erb:15
  Rendered microposts/index.html.erb within layouts/application (Duration: 2.0ms | Allocations: 1041)
[Webpacker] Everything's up-to-date. Nothing to do
Completed 200 OK in 8ms (Views: 6.5ms | ActiveRecord: 0.2ms | Allocations: 4622)


Started GET "/microposts/new" for ::1 at 2020-06-04 15:03:13 -0300
Processing by MicropostsController#new as HTML
  Rendering microposts/new.html.erb within layouts/application
  Rendered microposts/_form.html.erb (Duration: 1.8ms | Allocations: 689)
  Rendered microposts/new.html.erb within layouts/application (Duration: 2.2ms | Allocations: 772)
[Webpacker] Everything's up-to-date. Nothing to do
Completed 200 OK in 10ms (Views: 8.6ms | ActiveRecord: 0.0ms | Allocations: 4198)


Started POST "/microposts" for ::1 at 2020-06-04 15:03:30 -0300
Processing by MicropostsController#create as HTML
  Parameters: {"authenticity_token"=>"mwRVKYYMTT2BPrjHXeq783PG85cidq1njzJJ8S9MB0fx3piBrKD1rqK6gSyM9lfrNKZMA6KX9bfcKH3/DBhrRA==", "micropost"=>{"content"=>"Second micropost", "user_id"=>"1"}, "commit"=>"Create Micropost"}
  [1m[35m (0.1ms)[0m  [1m[36mbegin transaction[0m
  ↳ app/controllers/microposts_controller.rb:30:in `block in create'
  [1m[36mMicropost Create (0.4ms)[0m  [1m[32mINSERT INTO "microposts" ("content", "user_id", "created_at", "updated_at") VALUES (?, ?, ?, ?)[0m  [["content", "Second micropost"], ["user_id", 1], ["created_at", "2020-06-04 18:03:30.074407"], ["updated_at", "2020-06-04 18:03:30.074407"]]
  ↳ app/controllers/microposts_controller.rb:30:in `block in create'
  [1m[35m (99.2ms)[0m  [1m[36mcommit transaction[0m
  ↳ app/controllers/microposts_controller.rb:30:in `block in create'
Redirected to http://localhost:3000/microposts/2
Completed 302 Found in 106ms (ActiveRecord: 99.7ms | Allocations: 3862)


Started GET "/microposts/2" for ::1 at 2020-06-04 15:03:30 -0300
Processing by MicropostsController#show as HTML
  Parameters: {"id"=>"2"}
  [1m[36mMicropost Load (0.2ms)[0m  [1m[34mSELECT "microposts".* FROM "microposts" WHERE "microposts"."id" = ? LIMIT ?[0m  [["id", 2], ["LIMIT", 1]]
  ↳ app/controllers/microposts_controller.rb:67:in `set_micropost'
  Rendering microposts/show.html.erb within layouts/application
  Rendered microposts/show.html.erb within layouts/application (Duration: 0.3ms | Allocations: 83)
[Webpacker] Everything's up-to-date. Nothing to do
Completed 200 OK in 7ms (Views: 5.3ms | ActiveRecord: 0.2ms | Allocations: 4060)


Started GET "/microposts" for ::1 at 2020-06-04 15:03:32 -0300
Processing by MicropostsController#index as HTML
  Rendering microposts/index.html.erb within layouts/application
  [1m[36mMicropost Load (0.1ms)[0m  [1m[34mSELECT "microposts".* FROM "microposts"[0m
  ↳ app/views/microposts/index.html.erb:15
  Rendered microposts/index.html.erb within layouts/application (Duration: 1.7ms | Allocations: 885)
[Webpacker] Everything's up-to-date. Nothing to do
Completed 200 OK in 7ms (Views: 6.0ms | ActiveRecord: 0.1ms | Allocations: 4312)


Started GET "/microposts/new" for ::1 at 2020-06-04 15:04:14 -0300
Processing by MicropostsController#new as HTML
  Rendering microposts/new.html.erb within layouts/application
  Rendered microposts/_form.html.erb (Duration: 1.3ms | Allocations: 686)
  Rendered microposts/new.html.erb within layouts/application (Duration: 1.6ms | Allocations: 768)
[Webpacker] Everything's up-to-date. Nothing to do
Completed 200 OK in 7ms (Views: 6.3ms | ActiveRecord: 0.0ms | Allocations: 4210)


Started POST "/microposts" for ::1 at 2020-06-04 15:04:16 -0300
Processing by MicropostsController#create as HTML
  Parameters: {"authenticity_token"=>"wUKOWLvyyBxopbo0rQH4qvlDu5nesQ5PSN1Fanq5gW6rmEPwkV5wj0shg998HRSyviMEDV5QVp8bx3FkWe3tbQ==", "micropost"=>{"content"=>"", "user_id"=>""}, "commit"=>"Create Micropost"}
  [1m[35m (0.1ms)[0m  [1m[36mbegin transaction[0m
  ↳ app/controllers/microposts_controller.rb:30:in `block in create'
  [1m[36mMicropost Create (1.2ms)[0m  [1m[32mINSERT INTO "microposts" ("content", "created_at", "updated_at") VALUES (?, ?, ?)[0m  [["content", ""], ["created_at", "2020-06-04 18:04:16.247045"], ["updated_at", "2020-06-04 18:04:16.247045"]]
  ↳ app/controllers/microposts_controller.rb:30:in `block in create'
  [1m[35m (87.4ms)[0m  [1m[36mcommit transaction[0m
  ↳ app/controllers/microposts_controller.rb:30:in `block in create'
Redirected to http://localhost:3000/microposts/3
Completed 302 Found in 94ms (ActiveRecord: 88.7ms | Allocations: 3721)


Started GET "/microposts/3" for ::1 at 2020-06-04 15:04:16 -0300
Processing by MicropostsController#show as HTML
  Parameters: {"id"=>"3"}
  [1m[36mMicropost Load (0.1ms)[0m  [1m[34mSELECT "microposts".* FROM "microposts" WHERE "microposts"."id" = ? LIMIT ?[0m  [["id", 3], ["LIMIT", 1]]
  ↳ app/controllers/microposts_controller.rb:67:in `set_micropost'
  Rendering microposts/show.html.erb within layouts/application
  Rendered microposts/show.html.erb within layouts/application (Duration: 0.2ms | Allocations: 81)
[Webpacker] Everything's up-to-date. Nothing to do
Completed 200 OK in 5ms (Views: 4.0ms | ActiveRecord: 0.1ms | Allocations: 4062)


Started GET "/microposts" for ::1 at 2020-06-04 15:04:19 -0300
Processing by MicropostsController#index as HTML
  Rendering microposts/index.html.erb within layouts/application
  [1m[36mMicropost Load (0.1ms)[0m  [1m[34mSELECT "microposts".* FROM "microposts"[0m
  ↳ app/views/microposts/index.html.erb:15
  Rendered microposts/index.html.erb within layouts/application (Duration: 2.0ms | Allocations: 1008)
[Webpacker] Everything's up-to-date. Nothing to do
Completed 200 OK in 7ms (Views: 6.2ms | ActiveRecord: 0.1ms | Allocations: 4426)


Started DELETE "/microposts/3" for ::1 at 2020-06-04 15:04:24 -0300
Processing by MicropostsController#destroy as HTML
  Parameters: {"authenticity_token"=>"1tmLWTAqsBEyhJqBKNkSKagrpw0ekMJRMHqX7ovngXCG3lKcMSh5HMZPqtPzO8Vw4DEfgy/zr4N2V18llQm/ow==", "id"=>"3"}
  [1m[36mMicropost Load (0.1ms)[0m  [1m[34mSELECT "microposts".* FROM "microposts" WHERE "microposts"."id" = ? LIMIT ?[0m  [["id", 3], ["LIMIT", 1]]
  ↳ app/controllers/microposts_controller.rb:67:in `set_micropost'
  [1m[35m (0.1ms)[0m  [1m[36mbegin transaction[0m
  ↳ app/controllers/microposts_controller.rb:57:in `destroy'
  [1m[36mMicropost Destroy (0.3ms)[0m  [1m[31mDELETE FROM "microposts" WHERE "microposts"."id" = ?[0m  [["id", 3]]
  ↳ app/controllers/microposts_controller.rb:57:in `destroy'
  [1m[35m (99.7ms)[0m  [1m[36mcommit transaction[0m
  ↳ app/controllers/microposts_controller.rb:57:in `destroy'
Redirected to http://localhost:3000/microposts
Completed 302 Found in 106ms (ActiveRecord: 100.1ms | Allocations: 3836)


Started GET "/microposts" for ::1 at 2020-06-04 15:04:24 -0300
Processing by MicropostsController#index as HTML
  Rendering microposts/index.html.erb within layouts/application
  [1m[36mMicropost Load (0.2ms)[0m  [1m[34mSELECT "microposts".* FROM "microposts"[0m
  ↳ app/views/microposts/index.html.erb:15
  Rendered microposts/index.html.erb within layouts/application (Duration: 1.9ms | Allocations: 887)
[Webpacker] Everything's up-to-date. Nothing to do
Completed 200 OK in 7ms (Views: 6.2ms | ActiveRecord: 0.2ms | Allocations: 4330)


Started DELETE "/microposts/2" for ::1 at 2020-06-04 15:04:29 -0300
Processing by MicropostsController#destroy as HTML
  Parameters: {"authenticity_token"=>"x8QhtaAvwLchT/8esB3N/8Bq2ae2icDTAJkVuVZMYmyXw/hwoS0JutWEz0xr/xqmiHBhKYfqrQFGtN1ySKJcvw==", "id"=>"2"}
  [1m[36mMicropost Load (0.2ms)[0m  [1m[34mSELECT "microposts".* FROM "microposts" WHERE "microposts"."id" = ? LIMIT ?[0m  [["id", 2], ["LIMIT", 1]]
  ↳ app/controllers/microposts_controller.rb:67:in `set_micropost'
  [1m[35m (0.1ms)[0m  [1m[36mbegin transaction[0m
  ↳ app/controllers/microposts_controller.rb:57:in `destroy'
  [1m[36mMicropost Destroy (1.0ms)[0m  [1m[31mDELETE FROM "microposts" WHERE "microposts"."id" = ?[0m  [["id", 2]]
  ↳ app/controllers/microposts_controller.rb:57:in `destroy'
  [1m[35m (71.8ms)[0m  [1m[36mcommit transaction[0m
  ↳ app/controllers/microposts_controller.rb:57:in `destroy'
Redirected to http://localhost:3000/microposts
Completed 302 Found in 78ms (ActiveRecord: 73.0ms | Allocations: 3735)


Started GET "/microposts" for ::1 at 2020-06-04 15:04:29 -0300
Processing by MicropostsController#index as HTML
  Rendering microposts/index.html.erb within layouts/application
  [1m[36mMicropost Load (0.1ms)[0m  [1m[34mSELECT "microposts".* FROM "microposts"[0m
  ↳ app/views/microposts/index.html.erb:15
  Rendered microposts/index.html.erb within layouts/application (Duration: 1.2ms | Allocations: 762)
[Webpacker] Everything's up-to-date. Nothing to do
Completed 200 OK in 6ms (Views: 5.1ms | ActiveRecord: 0.1ms | Allocations: 4218)


Started GET "/microposts/new" for ::1 at 2020-06-04 15:07:09 -0300
  [1m[35m (0.4ms)[0m  [1m[34mSELECT sqlite_version(*)[0m
  [1m[35m (0.1ms)[0m  [1m[34mSELECT "schema_migrations"."version" FROM "schema_migrations" ORDER BY "schema_migrations"."version" ASC[0m
Processing by MicropostsController#new as HTML
  Rendering microposts/new.html.erb within layouts/application
  Rendered microposts/_form.html.erb (Duration: 5.2ms | Allocations: 2726)
  Rendered microposts/new.html.erb within layouts/application (Duration: 6.3ms | Allocations: 3177)
[Webpacker] Everything's up-to-date. Nothing to do
Completed 200 OK in 31ms (Views: 17.8ms | ActiveRecord: 0.7ms | Allocations: 14393)


Started POST "/microposts" for ::1 at 2020-06-04 15:07:15 -0300
Processing by MicropostsController#create as HTML
  Parameters: {"authenticity_token"=>"0UVu9ZKrT04WK7vKijikZwBZ/B076cmtNCkz081QZ6C7n6NduAf33TWvgiFbJEh/RzlDibsIkX1nMwfd7gQLow==", "micropost"=>{"content"=>", o infectologista Carlos Starling, membro do comitê de combate ao coronavírus em Minas, sugeriu a volta do futebol no estado apenas em agosto.\r\n\r\nO teste do zagueiro cruzeirense é o quinto a dar positivo entre os clubes da capital mineira. Além dos companheiros de Léo, os meias Cazares, do Atlético-MG, e Matheusinho, do América-MG, também estão com a Covid, cumprindo protocolo de isolamento.", "user_id"=>"1"}, "commit"=>"Create Micropost"}
  Rendering microposts/new.html.erb within layouts/application
  Rendered microposts/_form.html.erb (Duration: 2.1ms | Allocations: 857)
  Rendered microposts/new.html.erb within layouts/application (Duration: 2.5ms | Allocations: 941)
[Webpacker] Everything's up-to-date. Nothing to do
Completed 200 OK in 11ms (Views: 7.9ms | ActiveRecord: 0.0ms | Allocations: 5435)


  [1m[35m (1.0ms)[0m  [1m[34mSELECT sqlite_version(*)[0m
  [1m[36mUser Load (0.1ms)[0m  [1m[34mSELECT "users".* FROM "users" ORDER BY "users"."id" ASC LIMIT ?[0m  [["LIMIT", 1]]
  [1m[36mMicropost Load (0.2ms)[0m  [1m[34mSELECT "microposts".* FROM "microposts" WHERE "microposts"."user_id" = ? LIMIT ?[0m  [["user_id", 1], ["LIMIT", 11]]
Started GET "/microposts" for ::1 at 2020-06-04 15:10:29 -0300
  [1m[35m (0.4ms)[0m  [1m[34mSELECT sqlite_version(*)[0m
  [1m[35m (0.2ms)[0m  [1m[34mSELECT "schema_migrations"."version" FROM "schema_migrations" ORDER BY "schema_migrations"."version" ASC[0m
Processing by MicropostsController#index as HTML
  Rendering microposts/index.html.erb within layouts/application
  [1m[36mMicropost Load (0.2ms)[0m  [1m[34mSELECT "microposts".* FROM "microposts"[0m
  ↳ app/views/microposts/index.html.erb:15
  Rendered microposts/index.html.erb within layouts/application (Duration: 10.1ms | Allocations: 4490)
[Webpacker] Everything's up-to-date. Nothing to do
Completed 200 OK in 47ms (Views: 38.5ms | ActiveRecord: 0.9ms | Allocations: 13563)


Started GET "/microposts/new" for ::1 at 2020-06-04 15:10:30 -0300
Processing by MicropostsController#new as HTML
  Rendering microposts/new.html.erb within layouts/application
  Rendered microposts/_form.html.erb (Duration: 10.1ms | Allocations: 2633)
  Rendered microposts/new.html.erb within layouts/application (Duration: 11.1ms | Allocations: 2969)
[Webpacker] Everything's up-to-date. Nothing to do
Completed 200 OK in 25ms (Views: 23.3ms | ActiveRecord: 0.0ms | Allocations: 6556)


Started POST "/microposts" for ::1 at 2020-06-04 15:10:41 -0300
Processing by MicropostsController#create as HTML
  Parameters: {"authenticity_token"=>"oI2OJdNPoQ64fZR6/4ep3THtHtFz/UBboTIZv2AzOBPKV0ON+eMZnZv5rZEum0XFdo2hRfMcGIvyKC2xQ2dUEA==", "micropost"=>{"content"=>"Second micropost", "user_id"=>"1"}, "commit"=>"Create Micropost"}
  [1m[35m (0.1ms)[0m  [1m[36mbegin transaction[0m
  ↳ app/controllers/microposts_controller.rb:30:in `block in create'
  [1m[36mUser Load (0.1ms)[0m  [1m[34mSELECT "users".* FROM "users" WHERE "users"."id" = ? LIMIT ?[0m  [["id", 1], ["LIMIT", 1]]
  ↳ app/controllers/microposts_controller.rb:30:in `block in create'
  [1m[36mMicropost Create (0.3ms)[0m  [1m[32mINSERT INTO "microposts" ("content", "user_id", "created_at", "updated_at") VALUES (?, ?, ?, ?)[0m  [["content", "Second micropost"], ["user_id", 1], ["created_at", "2020-06-04 18:10:41.848463"], ["updated_at", "2020-06-04 18:10:41.848463"]]
  ↳ app/controllers/microposts_controller.rb:30:in `block in create'
  [1m[35m (103.5ms)[0m  [1m[36mcommit transaction[0m
  ↳ app/controllers/microposts_controller.rb:30:in `block in create'
Redirected to http://localhost:3000/microposts/4
Completed 302 Found in 124ms (ActiveRecord: 104.5ms | Allocations: 11081)


Started GET "/microposts/4" for ::1 at 2020-06-04 15:10:41 -0300
Processing by MicropostsController#show as HTML
  Parameters: {"id"=>"4"}
  [1m[36mMicropost Load (0.2ms)[0m  [1m[34mSELECT "microposts".* FROM "microposts" WHERE "microposts"."id" = ? LIMIT ?[0m  [["id", 4], ["LIMIT", 1]]
  ↳ app/controllers/microposts_controller.rb:67:in `set_micropost'
  Rendering microposts/show.html.erb within layouts/application
  Rendered microposts/show.html.erb within layouts/application (Duration: 0.6ms | Allocations: 254)
[Webpacker] Everything's up-to-date. Nothing to do
Completed 200 OK in 7ms (Views: 5.3ms | ActiveRecord: 0.2ms | Allocations: 4498)


Started GET "/microposts" for ::1 at 2020-06-04 15:10:44 -0300
Processing by MicropostsController#index as HTML
  Rendering microposts/index.html.erb within layouts/application
  [1m[36mMicropost Load (0.1ms)[0m  [1m[34mSELECT "microposts".* FROM "microposts"[0m
  ↳ app/views/microposts/index.html.erb:15
  Rendered microposts/index.html.erb within layouts/application (Duration: 1.6ms | Allocations: 897)
[Webpacker] Everything's up-to-date. Nothing to do
Completed 200 OK in 7ms (Views: 6.1ms | ActiveRecord: 0.1ms | Allocations: 4338)


  [1m[35m (0.3ms)[0m  [1m[34mSELECT sqlite_version(*)[0m
  [1m[36mUser Load (0.2ms)[0m  [1m[34mSELECT "users".* FROM "users" ORDER BY "users"."id" ASC LIMIT ?[0m  [["LIMIT", 1]]
  [1m[36mMicropost Load (0.1ms)[0m  [1m[34mSELECT "microposts".* FROM "microposts" WHERE "microposts"."user_id" = ? LIMIT ?[0m  [["user_id", 1], ["LIMIT", 11]]
  [1m[36mMicropost Load (0.3ms)[0m  [1m[34mSELECT "microposts".* FROM "microposts" WHERE "microposts"."user_id" = ? ORDER BY "microposts"."id" ASC LIMIT ?[0m  [["user_id", 1], ["LIMIT", 1]]
  [1m[36mMicropost Load (0.2ms)[0m  [1m[34mSELECT "microposts".* FROM "microposts" WHERE "microposts"."user_id" = ? ORDER BY "microposts"."id" ASC LIMIT ?[0m  [["user_id", 1], ["LIMIT", 1]]
Started GET "/users" for ::1 at 2020-06-04 15:14:55 -0300
  [1m[35m (0.3ms)[0m  [1m[34mSELECT sqlite_version(*)[0m
  [1m[35m (0.1ms)[0m  [1m[34mSELECT "schema_migrations"."version" FROM "schema_migrations" ORDER BY "schema_migrations"."version" ASC[0m
Processing by UsersController#index as HTML
  Rendering users/index.html.erb within layouts/application
  [1m[36mUser Load (0.2ms)[0m  [1m[34mSELECT "users".* FROM "users"[0m
  ↳ app/views/users/index.html.erb:15
  Rendered users/index.html.erb within layouts/application (Duration: 40.6ms | Allocations: 4906)
[Webpacker] Everything's up-to-date. Nothing to do
Completed 200 OK in 58ms (Views: 50.2ms | ActiveRecord: 0.8ms | Allocations: 13810)


Started GET "/users/new" for ::1 at 2020-06-04 15:25:20 -0300
  [1m[35m (0.3ms)[0m  [1m[34mSELECT sqlite_version(*)[0m
  [1m[35m (0.2ms)[0m  [1m[34mSELECT "schema_migrations"."version" FROM "schema_migrations" ORDER BY "schema_migrations"."version" ASC[0m
Processing by UsersController#new as HTML
  Rendering users/new.html.erb within layouts/application
  Rendered users/_form.html.erb (Duration: 10.1ms | Allocations: 2597)
  Rendered users/new.html.erb within layouts/application (Duration: 47.6ms | Allocations: 3334)
[Webpacker] Everything's up-to-date. Nothing to do
Completed 200 OK in 96ms (Views: 73.8ms | ActiveRecord: 0.7ms | Allocations: 15600)


Started POST "/users" for ::1 at 2020-06-04 15:25:27 -0300
Processing by UsersController#create as HTML
  Parameters: {"authenticity_token"=>"CWw6hH0cHarlk8vWBmVFfDPpt6dhEbdjRw38/0T8YHUXmJ9cidE5Mgg+bLOwxrzL+4zBykgM90mKjqOq5sBzqw==", "user"=>{"name"=>"", "email"=>""}, "commit"=>"Create User"}
  Rendering users/new.html.erb within layouts/application
  Rendered users/_form.html.erb (Duration: 1.9ms | Allocations: 990)
  Rendered users/new.html.erb within layouts/application (Duration: 2.3ms | Allocations: 1074)
[Webpacker] Everything's up-to-date. Nothing to do
Completed 200 OK in 19ms (Views: 6.7ms | ActiveRecord: 0.0ms | Allocations: 5905)


Started POST "/users" for ::1 at 2020-06-04 15:25:50 -0300
Processing by UsersController#create as HTML
  Parameters: {"authenticity_token"=>"B69dxnOF0xTKhTE0bQhQE1290w9c9IStShTvigx413xXqIQDcocaGT5OAWa26odKFadrgW2X6X8MOSdBEpbprw==", "user"=>{"name"=>"Ismael", "email"=>"ismael@gmail.com"}, "commit"=>"Create User"}
  [1m[35m (0.1ms)[0m  [1m[36mbegin transaction[0m
  ↳ app/controllers/users_controller.rb:30:in `block in create'
  [1m[36mUser Create (0.4ms)[0m  [1m[32mINSERT INTO "users" ("name", "email", "created_at", "updated_at") VALUES (?, ?, ?, ?)[0m  [["name", "Ismael"], ["email", "ismael@gmail.com"], ["created_at", "2020-06-04 18:25:50.151633"], ["updated_at", "2020-06-04 18:25:50.151633"]]
  ↳ app/controllers/users_controller.rb:30:in `block in create'
  [1m[35m (254.9ms)[0m  [1m[36mcommit transaction[0m
  ↳ app/controllers/users_controller.rb:30:in `block in create'
Redirected to http://localhost:3000/users/3
Completed 302 Found in 263ms (ActiveRecord: 255.3ms | Allocations: 4065)


Started GET "/users/3" for ::1 at 2020-06-04 15:25:50 -0300
Processing by UsersController#show as HTML
  Parameters: {"id"=>"3"}
  [1m[36mUser Load (0.2ms)[0m  [1m[34mSELECT "users".* FROM "users" WHERE "users"."id" = ? LIMIT ?[0m  [["id", 3], ["LIMIT", 1]]
  ↳ app/controllers/users_controller.rb:67:in `set_user'
  Rendering users/show.html.erb within layouts/application
  Rendered users/show.html.erb within layouts/application (Duration: 26.6ms | Allocations: 257)
[Webpacker] Everything's up-to-date. Nothing to do
Completed 200 OK in 34ms (Views: 31.4ms | ActiveRecord: 0.2ms | Allocations: 4787)


Started GET "/users" for ::1 at 2020-06-04 15:25:53 -0300
Processing by UsersController#index as HTML
  Rendering users/index.html.erb within layouts/application
  [1m[36mUser Load (0.2ms)[0m  [1m[34mSELECT "users".* FROM "users"[0m
  ↳ app/views/users/index.html.erb:15
  Rendered users/index.html.erb within layouts/application (Duration: 2.3ms | Allocations: 1175)
[Webpacker] Everything's up-to-date. Nothing to do
Completed 200 OK in 8ms (Views: 6.7ms | ActiveRecord: 0.2ms | Allocations: 4762)


